<?xml version="1.0" encoding="UTF-8"?>
<testng-results skipped="4" failed="0" total="4" passed="0">
  <reporter-output>
  </reporter-output>
  <suite name="Suite" duration-ms="41" started-at="2016-08-26T02:32:29Z" finished-at="2016-08-26T02:32:29Z">
    <groups>
    </groups>
    <test name="Test" duration-ms="41" started-at="2016-08-26T02:32:29Z" finished-at="2016-08-26T02:32:29Z">
      <class name="com.test.HomePageTest">
        <test-method status="FAIL" signature="beforeSuite()[pri:0, instance:com.test.HomePageTest@45c8e616]" name="beforeSuite" is-config="true" duration-ms="0" started-at="2016-08-25T19:32:17Z" finished-at="2016-08-25T19:32:17Z">
          <exception class="org.openqa.selenium.WebDriverException">
            <message>
              <![CDATA[Target URL "http://whiteboxqa.com/" is not well-formed.
Command duration or timeout: 396 milliseconds
Build info: version: '2.52.0', revision: '4c2593cfc3689a7fcd7be52549167e5ccc93ad28', time: '2016-02-11 11:22:43'
System info: host: 'family', ip: '10.0.0.110', os.name: 'Windows 10', os.arch: 'amd64', os.version: '10.0', java.version: '1.8.0_65'
Driver info: org.openqa.selenium.firefox.FirefoxDriver
Capabilities [{applicationCacheEnabled=true, rotatable=false, handlesAlerts=true, databaseEnabled=true, version=43.0.1, platform=WINDOWS, nativeEvents=false, acceptSslCerts=true, webStorageEnabled=true, locationContextEnabled=true, browserName=firefox, takesScreenshot=true, javascriptEnabled=true, cssSelectorsEnabled=true}]
Session ID: f36a1fbb-00cd-411a-9e0f-1e47f3876669]]>
            </message>
            <full-stacktrace>
              <![CDATA[org.openqa.selenium.WebDriverException: Target URL "http://whiteboxqa.com/" is not well-formed.
Command duration or timeout: 396 milliseconds
Build info: version: '2.52.0', revision: '4c2593cfc3689a7fcd7be52549167e5ccc93ad28', time: '2016-02-11 11:22:43'
System info: host: 'family', ip: '10.0.0.110', os.name: 'Windows 10', os.arch: 'amd64', os.version: '10.0', java.version: '1.8.0_65'
Driver info: org.openqa.selenium.firefox.FirefoxDriver
Capabilities [{applicationCacheEnabled=true, rotatable=false, handlesAlerts=true, databaseEnabled=true, version=43.0.1, platform=WINDOWS, nativeEvents=false, acceptSslCerts=true, webStorageEnabled=true, locationContextEnabled=true, browserName=firefox, takesScreenshot=true, javascriptEnabled=true, cssSelectorsEnabled=true}]
Session ID: f36a1fbb-00cd-411a-9e0f-1e47f3876669
	at sun.reflect.NativeConstructorAccessorImpl.newInstance0(Native Method)
	at sun.reflect.NativeConstructorAccessorImpl.newInstance(NativeConstructorAccessorImpl.java:62)
	at sun.reflect.DelegatingConstructorAccessorImpl.newInstance(DelegatingConstructorAccessorImpl.java:45)
	at java.lang.reflect.Constructor.newInstance(Constructor.java:422)
	at org.openqa.selenium.remote.ErrorHandler.createThrowable(ErrorHandler.java:206)
	at org.openqa.selenium.remote.ErrorHandler.throwIfResponseFailed(ErrorHandler.java:158)
	at org.openqa.selenium.remote.RemoteWebDriver.execute(RemoteWebDriver.java:678)
	at org.openqa.selenium.remote.RemoteWebDriver.get(RemoteWebDriver.java:316)
	at com.util.WebUiDriver.getDriver(WebUiDriver.java:34)
	at com.base.BaseTest.beforeSuite(BaseTest.java:18)
	at sun.reflect.NativeMethodAccessorImpl.invoke0(Native Method)
	at sun.reflect.NativeMethodAccessorImpl.invoke(NativeMethodAccessorImpl.java:62)
	at sun.reflect.DelegatingMethodAccessorImpl.invoke(DelegatingMethodAccessorImpl.java:43)
	at java.lang.reflect.Method.invoke(Method.java:497)
	at org.testng.internal.MethodInvocationHelper.invokeMethod(MethodInvocationHelper.java:86)
	at org.testng.internal.Invoker.invokeConfigurationMethod(Invoker.java:514)
	at org.testng.internal.Invoker.invokeConfigurations(Invoker.java:215)
	at org.testng.internal.Invoker.invokeConfigurations(Invoker.java:142)
	at org.testng.SuiteRunner.privateRun(SuiteRunner.java:305)
	at org.testng.SuiteRunner.run(SuiteRunner.java:268)
	at org.testng.SuiteRunnerWorker.runSuite(SuiteRunnerWorker.java:52)
	at org.testng.SuiteRunnerWorker.run(SuiteRunnerWorker.java:86)
	at org.testng.TestNG.runSuitesSequentially(TestNG.java:1244)
	at org.testng.TestNG.runSuitesLocally(TestNG.java:1169)
	at org.testng.TestNG.run(TestNG.java:1064)
	at org.testng.remote.RemoteTestNG.run(RemoteTestNG.java:113)
	at org.testng.remote.RemoteTestNG.initAndRun(RemoteTestNG.java:206)
	at org.testng.remote.RemoteTestNG.main(RemoteTestNG.java:177)
Caused by: org.openqa.selenium.WebDriverException: Target URL "http://whiteboxqa.com/" is not well-formed.
Build info: version: '2.52.0', revision: '4c2593cfc3689a7fcd7be52549167e5ccc93ad28', time: '2016-02-11 11:22:43'
System info: host: 'family', ip: '10.0.0.110', os.name: 'Windows 10', os.arch: 'amd64', os.version: '10.0', java.version: '1.8.0_65'
Driver info: driver.version: unknown
	at <anonymous class>.FirefoxDriver.prototype.get(file:///C:/Users/sridhar/AppData/Local/Temp/anonymous5532214050788618368webdriver-profile/extensions/fxdriver@googlecode.com/components/driver-component.js:10589)
	at <anonymous class>.DelayedCommand.prototype.executeInternal_/h(file:///C:/Users/sridhar/AppData/Local/Temp/anonymous5532214050788618368webdriver-profile/extensions/fxdriver@googlecode.com/components/command-processor.js:12614)
	at <anonymous class>.DelayedCommand.prototype.executeInternal_(file:///C:/Users/sridhar/AppData/Local/Temp/anonymous5532214050788618368webdriver-profile/extensions/fxdriver@googlecode.com/components/command-processor.js:12619)
	at <anonymous class>.DelayedCommand.prototype.execute/<(file:///C:/Users/sridhar/AppData/Local/Temp/anonymous5532214050788618368webdriver-profile/extensions/fxdriver@googlecode.com/components/command-processor.js:12561)
]]>
            </full-stacktrace>
          </exception> <!-- org.openqa.selenium.WebDriverException -->
          <reporter-output>
          </reporter-output>
        </test-method> <!-- beforeSuite -->
        <test-method status="SKIP" signature="beforeClass()[pri:0, instance:com.test.HomePageTest@45c8e616]" name="beforeClass" is-config="true" duration-ms="0" started-at="2016-08-25T19:32:29Z" finished-at="2016-08-25T19:32:29Z">
          <reporter-output>
          </reporter-output>
        </test-method> <!-- beforeClass -->
        <test-method status="SKIP" signature="testCountSliders()[pri:0, instance:com.test.HomePageTest@45c8e616]" name="testCountSliders" duration-ms="1" started-at="2016-08-25T19:32:29Z" finished-at="2016-08-25T19:32:29Z">
          <reporter-output>
          </reporter-output>
        </test-method> <!-- testCountSliders -->
        <test-method status="SKIP" signature="testIsSliderPresent()[pri:0, instance:com.test.HomePageTest@45c8e616]" name="testIsSliderPresent" duration-ms="4" started-at="2016-08-25T19:32:29Z" finished-at="2016-08-25T19:32:29Z">
          <reporter-output>
          </reporter-output>
        </test-method> <!-- testIsSliderPresent -->
        <test-method status="SKIP" signature="testLoginLink()[pri:0, instance:com.test.HomePageTest@45c8e616]" name="testLoginLink" duration-ms="1" started-at="2016-08-25T19:32:29Z" finished-at="2016-08-25T19:32:29Z">
          <reporter-output>
          </reporter-output>
        </test-method> <!-- testLoginLink -->
        <test-method status="SKIP" signature="testSocialLinks()[pri:0, instance:com.test.HomePageTest@45c8e616]" name="testSocialLinks" duration-ms="2" started-at="2016-08-25T19:32:29Z" finished-at="2016-08-25T19:32:29Z">
          <reporter-output>
          </reporter-output>
        </test-method> <!-- testSocialLinks -->
      </class> <!-- com.test.HomePageTest -->
    </test> <!-- Test -->
  </suite> <!-- Suite -->
</testng-results>
